build/app/outputs/mapping/release/seeds.txt
com.example.christian_union_attendance_app.MainActivity
com.example.christian_union_attendance_app.MainActivity: MainActivity()
...
io.flutter.embedding.engine.FlutterJNI: void nativeUnregisterTexture(long,long)
androidx.core.view.ViewCompat$Api17Impl: int getLabelFor(android.view.View)
androidx.appcompat.widget.AppCompatSpinner: android.graphics.PorterDuff$Mode getSupportBackgroundTintMode()
com.google.crypto.tink.proto.AesCtrHmacAeadKeyFormat$Builder: AesCtrHmacAeadKeyFormat$Builder()
androidx.appcompat.widget.FitWindowsFrameLayout: FitWindowsFrameLayout(android.content.Context,android.util.AttributeSet)
androidx.window.embedding.SplitInfo: int hashCode()
androidx.window.layout.WindowMetricsCalculator$Companion$decorator$1: androidx.window.layout.WindowMetricsCalculator invoke(androidx.window.layout.WindowMetricsCalculator)
io.flutter.plugin.editing.TextInputPlugin$InputTarget$Type: io.flutter.plugin.editing.TextInputPlugin$InputTarget$Type valueOf(java.lang.String)
androidx.appcompat.widget.AppCompatTextViewAutoSizeHelper$Impl: void computeAndSetTextDirection(android.text.StaticLayout$Builder,android.widget.TextView)
androidx.appcompat.widget.AbsActionBarView: void setContentHeight(int)
androidx.core.content.ContextCompat$Api23Impl: int getColor(android.content.Context,int)
androidx.security.crypto.EncryptedSharedPreferences$PrefKeyEncryptionScheme: androidx.security.crypto.EncryptedSharedPreferences$PrefKeyEncryptionScheme[] values()
io.flutter.embedding.engine.FlutterJNI: void onDisplayPlatformView(int,int,int,int,int,int,int,io.flutter.embedding.engine.mutatorsstack.FlutterMutatorsStack)
androidx.appcompat.widget.AppCompatCheckBox: android.graphics.PorterDuff$Mode getSupportButtonTintMode()
androidx.appcompat.widget.Toolbar: void setOnMenuItemClickListener(androidx.appcompat.widget.Toolbar$OnMenuItemClickListener)
io.flutter.plugins.localauth.Messages$AuthResult: io.flutter.plugins.localauth.Messages$AuthResult valueOf(java.lang.String)
androidx.core.app.AppOpsManagerCompat$Api23Impl: int noteProxyOpNoThrow(android.app.AppOpsManager,java.lang.String,java.lang.String)
androidx.window.layout.SidecarWindowBackend: void registerLayoutChangeCallback(android.app.Activity,java.util.concurrent.Executor,androidx.core.util.Consumer)
androidx.appcompat.widget.Toolbar: void setTitleMarginStart(int)
androidx.appcompat.widget.Toolbar: void setNavigationIcon(android.graphics.drawable.Drawable)
io.flutter.view.AccessibilityViewEmbedder: boolean performAction(int,int,android.os.Bundle)
androidx.core.content.res.ResourcesCompat$Api23Impl: int getColor(android.content.res.Resources,int,android.content.res.Resources$Theme)
io.flutter.embedding.engine.FlutterJNI: boolean nativeFlutterTextUtilsIsEmojiModifierBase(int)
io.flutter.plugin.editing.ImeSyncDeferringInsetsCallback: android.view.WindowInsets access$602(io.flutter.plugin.editing.ImeSyncDeferringInsetsCallback,android.view.WindowInsets)
androidx.window.embedding.EmbeddingBackend: void setSplitRules(java.util.Set)
androidx.window.layout.SidecarWindowBackend$Companion: void resetInstance()
androidx.core.view.ViewCompat$Api29Impl: void setSystemGestureExclusionRects(android.view.View,java.util.List)
androidx.core.graphics.drawable.DrawableCompat$Api21Impl: void inflate(android.graphics.drawable.Drawable,android.content.res.Resources,org.xmlpull.v1.XmlPullParser,android.util.AttributeSet,android.content.res.Resources$Theme)
androidx.appcompat.widget.MenuPopupWindow$MenuDropDownListView: void setSelector(android.graphics.drawable.Drawable)
kotlin.jvm.internal.CallableReference: java.lang.String getName()
androidx.window.core.Version: int getMajor()
io.flutter.view.AccessibilityViewEmbedder: void setFlutterNodeParent(android.view.accessibility.AccessibilityNodeInfo,android.view.View,android.view.accessibility.AccessibilityNodeInfo)
io.flutter.plugin.editing.ImeSyncDeferringInsetsCallback: io.flutter.plugin.editing.ImeSyncDeferringInsetsCallback$ImeVisibleListener access$500(io.flutter.plugin.editing.ImeSyncDeferringInsetsCallback)