build/app/outputs/mapping/release/mapping.txt
# compiler: R8
# compiler_version: 3.3.70
# min_api: 23
# common_typos_disable
# {"id":"com.android.tools.r8.mapping","version":"2.0"}
# pg_map_id: abbeb73
# pg_map_hash: SHA-256 abbeb734e49975888a099f57369e6b5da809bee5bc6ef3d92a8635ddd9bd0341
...
androidx.appcompat.widget.AppCompatTextHelper -> androidx.appcompat.widget.e0:
    androidx.appcompat.widget.AppCompatTextViewAutoSizeHelper mAutoSizeTextHelper -> i
    boolean mAsyncFontPending -> m
    int mStyle -> j
    int mFontWeight -> k
    androidx.appcompat.widget.TintInfo mDrawableLeftTint -> b
    androidx.appcompat.widget.TintInfo mDrawableTopTint -> c
    androidx.appcompat.widget.TintInfo mDrawableStartTint -> f
    androidx.appcompat.widget.TintInfo mDrawableEndTint -> g
    android.widget.TextView mView -> a
    androidx.appcompat.widget.TintInfo mDrawableRightTint -> d
    androidx.appcompat.widget.TintInfo mDrawableBottomTint -> e
    android.graphics.Typeface mFontTypeface -> l
    androidx.appcompat.widget.TintInfo mDrawableTint -> h
    void setTextSizeInternal(int,float) -> A
    void updateTypefaceAndStyle(android.content.Context,androidx.appcompat.widget.TintTypedArray) -> B
    void applyCompoundDrawableTint(android.graphics.drawable.Drawable,androidx.appcompat.widget.TintInfo) -> a
    void applyCompoundDrawablesTints() -> b
    void autoSizeText() -> c
    androidx.appcompat.widget.TintInfo createTintInfo(android.content.Context,androidx.appcompat.widget.AppCompatDrawableManager,int) -> d
    int getAutoSizeMaxTextSize() -> e
    int getAutoSizeMinTextSize() -> f
    int getAutoSizeStepGranularity() -> g
    int[] getAutoSizeTextAvailableSizes() -> h
    int getAutoSizeTextType() -> i
androidx.appcompat.widget.AppCompatTextHelper$$ExternalSyntheticApiModelOutline0 -> androidx.appcompat.widget.y:
# {"id":"sourceFile","fileName":"R8$$SyntheticClass"}
# {"id":"com.android.tools.r8.synthesized"}
    boolean androidx.appcompat.widget.AppCompatTextHelper$$InternalSyntheticApiModelOutline$1$e0f7277dead435bd68501d926cebe846f81e9fa9f1f32f8a68944fafc059c7bc$0.m(android.widget.TextView,java.lang.String) -> a
      # {"id":"com.android.tools.r8.synthesized"}
androidx.appcompat.widget.AppCompatTextHelper$$ExternalSyntheticApiModelOutline1 -> androidx.appcompat.widget.z:
# {"id":"sourceFile","fileName":"R8$$SyntheticClass"}
# {"id":"com.android.tools.r8.synthesized"}
    void androidx.appcompat.widget.AppCompatTextHelper$$InternalSyntheticApiModelOutline$1$e702ce2374dd981640d32b7679bc04b975fdf1223c5b2cf262102c929108964a$1.m(android.widget.TextView,android.os.LocaleList) -> a
      # {"id":"com.android.tools.r8.synthesized"}
androidx.appcompat.widget.AppCompatTextHelper$$ExternalSyntheticApiModelOutline2 -> androidx.appcompat.widget.a0:
# {"id":"sourceFile","fileName":"R8$$SyntheticClass"}
# {"id":"com.android.tools.r8.synthesized"}
    int androidx.appcompat.widget.AppCompatTextHelper$$InternalSyntheticApiModelOutline$1$e702ce2374dd981640d32b7679bc04b975fdf1223c5b2cf262102c929108964a$2.m(android.widget.TextView) -> a
      # {"id":"com.android.tools.r8.synthesized"}
androidx.appcompat.widget.AppCompatTextHelper$$ExternalSyntheticApiModelOutline3 -> androidx.appcompat.widget.b0:
# {"id":"sourceFile","fileName":"R8$$SyntheticClass"}
# {"id":"com.android.tools.r8.synthesized"}
    void androidx.appcompat.widget.AppCompatTextHelper$$InternalSyntheticApiModelOutline$1$e702ce2374dd981640d32b7679bc04b975fdf1223c5b2cf262102c929108964a$3.m(android.widget.TextView,int,int,int,int) -> a
      # {"id":"com.android.tools.r8.synthesized"}
androidx.appcompat.widget.AppCompatTextHelper$$ExternalSyntheticApiModelOutline4 -> androidx.appcompat.widget.c0:
# {"id":"sourceFile","fileName":"R8$$SyntheticClass"}
# {"id":"com.android.tools.r8.synthesized"}
    void androidx.appcompat.widget.AppCompatTextHelper$$InternalSyntheticApiModelOutline$1$e702ce2374dd981640d32b7679bc04b975fdf1223c5b2cf262102c929108964a$4.m(android.widget.TextView,int[],int) -> a
      # {"id":"com.android.tools.r8.synthesized"}