build/app/outputs/mapping/release/usage.txt
com.example.christian_union_attendance_app.BuildConfig
com.example.christian_union_attendance_app.R$anim
com.example.christian_union_attendance_app.R$animator
com.example.christian_union_attendance_app.R$array
com.example.christian_union_attendance_app.R$attr
com.example.christian_union_attendance_app.R$bool
com.example.christian_union_attendance_app.R$color
com.example.christian_union_attendance_app.R$dimen
com.example.christian_union_attendance_app.R$drawable
com.example.christian_union_attendance_app.R$id
com.example.christian_union_attendance_app.R$integer
com.example.christian_union_attendance_app.R$interpolator
com.example.christian_union_attendance_app.R$layout
com.example.christian_union_attendance_app.R$mipmap
com.example.christian_union_attendance_app.R$string
com.example.christian_union_attendance_app.R$style
com.example.christian_union_attendance_app.R$styleable
com.example.christian_union_attendance_app.R$xml
com.example.christian_union_attendance_app.R
...
com.google.crypto.tink.proto.AesGcmHkdfStreamingParams$1
com.google.crypto.tink.proto.AesGcmHkdfStreamingParams$Builder
com.google.crypto.tink.proto.AesGcmHkdfStreamingParams
com.google.crypto.tink.proto.AesGcmHkdfStreamingParamsOrBuilder
com.google.crypto.tink.proto.AesGcmKey$Builder:
    public synthetic bridge com.google.crypto.tink.shaded.protobuf.MessageLite$Builder clear()
    public com.google.crypto.tink.proto.AesGcmKey$Builder clearKeyValue()
    public com.google.crypto.tink.proto.AesGcmKey$Builder clearVersion()
    public synthetic bridge com.google.crypto.tink.shaded.protobuf.AbstractMessageLite$Builder clone()
    public synthetic bridge com.google.crypto.tink.shaded.protobuf.MessageLite$Builder clone()
    public com.google.crypto.tink.shaded.protobuf.ByteString getKeyValue()
    public int getVersion()
    public synthetic bridge com.google.crypto.tink.shaded.protobuf.AbstractMessageLite$Builder mergeFrom(com.google.crypto.tink.shaded.protobuf.CodedInputStream,com.google.crypto.tink.shaded.protobuf.ExtensionRegistryLite)
    public synthetic bridge com.google.crypto.tink.shaded.protobuf.AbstractMessageLite$Builder mergeFrom(byte[],int,int)
    public synthetic bridge com.google.crypto.tink.shaded.protobuf.AbstractMessageLite$Builder mergeFrom(byte[],int,int,com.google.crypto.tink.shaded.protobuf.ExtensionRegistryLite)
    public synthetic bridge com.google.crypto.tink.shaded.protobuf.MessageLite$Builder mergeFrom(com.google.crypto.tink.shaded.protobuf.ByteString)
    public synthetic bridge com.google.crypto.tink.shaded.protobuf.MessageLite$Builder mergeFrom(com.google.crypto.tink.shaded.protobuf.ByteString,com.google.crypto.tink.shaded.protobuf.ExtensionRegistryLite)
com.google.crypto.tink.proto.AesGcmKey:
    static synthetic void access$200(com.google.crypto.tink.proto.AesGcmKey)
    static synthetic void access$400(com.google.crypto.tink.proto.AesGcmKey)
    private void clearKeyValue()
    private void clearVersion()
    public static com.google.crypto.tink.proto.AesGcmKey getDefaultInstance()
    public static com.google.crypto.tink.proto.AesGcmKey$Builder newBuilder(com.google.crypto.tink.proto.AesGcmKey)
    public static com.google.crypto.tink.proto.AesGcmKey parseDelimitedFrom(java.io.InputStream)
    public static com.google.crypto.tink.proto.AesGcmKey parseDelimitedFrom(java.io.InputStream,com.google.crypto.tink.shaded.protobuf.ExtensionRegistryLite)
    public static com.google.crypto.tink.proto.AesGcmKey parseFrom(com.google.crypto.tink.shaded.protobuf.ByteString)
    public static com.google.crypto.tink.proto.AesGcmKey parseFrom(com.google.crypto.tink.shaded.protobuf.CodedInputStream)
    public static com.google.crypto.tink.proto.AesGcmKey parseFrom(com.google.crypto.tink.shaded.protobuf.CodedInputStream,com.google.crypto.tink.shaded.protobuf.ExtensionRegistryLite)
    public static com.google.crypto.tink.proto.AesGcmKey parseFrom(java.io.InputStream)
    public static com.google.crypto.tink.proto.AesGcmKey parseFrom(java.io.InputStream,com.google.crypto.tink.shaded.protobuf.ExtensionRegistryLite)
    public static com.google.crypto.tink.proto.AesGcmKey parseFrom(java.nio.ByteBuffer)